Release 14.7 - xst P.20131013 (lin64)
Copyright (c) 1995-2013 Xilinx, Inc.  All rights reserved.
--> 
Parameter TMPDIR set to xst/projnav.tmp


Total REAL time to Xst completion: 0.00 secs
Total CPU time to Xst completion: 0.03 secs
 
--> 
Parameter xsthdpdir set to xst


Total REAL time to Xst completion: 0.00 secs
Total CPU time to Xst completion: 0.03 secs
 
--> 
Reading design: program_counter.prj

TABLE OF CONTENTS
  1) Synthesis Options Summary
  2) HDL Parsing
  3) HDL Elaboration
  4) HDL Synthesis
       4.1) HDL Synthesis Report
  5) Advanced HDL Synthesis
       5.1) Advanced HDL Synthesis Report
  6) Low Level Synthesis
  7) Partition Report
  8) Design Summary
       8.1) Primitive and Black Box Usage
       8.2) Device utilization summary
       8.3) Partition Resource Summary
       8.4) Timing Report
            8.4.1) Clock Information
            8.4.2) Asynchronous Control Signals Information
            8.4.3) Timing Summary
            8.4.4) Timing Details
            8.4.5) Cross Clock Domains Report


=========================================================================
*                      Synthesis Options Summary                        *
=========================================================================
---- Source Parameters
Input File Name                    : "program_counter.prj"
Ignore Synthesis Constraint File   : NO

---- Target Parameters
Output File Name                   : "program_counter"
Output Format                      : NGC
Target Device                      : xc6slx4-3-tqg144

---- Source Options
Top Module Name                    : program_counter
Automatic FSM Extraction           : YES
FSM Encoding Algorithm             : Auto
Safe Implementation                : No
FSM Style                          : LUT
RAM Extraction                     : Yes
RAM Style                          : Auto
ROM Extraction                     : Yes
Shift Register Extraction          : YES
ROM Style                          : Auto
Resource Sharing                   : YES
Asynchronous To Synchronous        : NO
Shift Register Minimum Size        : 2
Use DSP Block                      : Auto
Automatic Register Balancing       : No

---- Target Options
LUT Combining                      : Auto
Reduce Control Sets                : Auto
Add IO Buffers                     : YES
Global Maximum Fanout              : 100000
Add Generic Clock Buffer(BUFG)     : 16
Register Duplication               : YES
Optimize Instantiated Primitives   : NO
Use Clock Enable                   : Auto
Use Synchronous Set                : Auto
Use Synchronous Reset              : Auto
Pack IO Registers into IOBs        : Auto
Equivalent register Removal        : YES

---- General Options
Optimization Goal                  : Speed
Optimization Effort                : 1
Power Reduction                    : NO
Keep Hierarchy                     : No
Netlist Hierarchy                  : As_Optimized
RTL Output                         : Yes
Global Optimization                : AllClockNets
Read Cores                         : YES
Write Timing Constraints           : NO
Cross Clock Analysis               : NO
Hierarchy Separator                : /
Bus Delimiter                      : <>
Case Specifier                     : Maintain
Slice Utilization Ratio            : 100
BRAM Utilization Ratio             : 100
DSP48 Utilization Ratio            : 100
Auto BRAM Packing                  : NO
Slice Utilization Ratio Delta      : 5

=========================================================================


=========================================================================
*                          HDL Parsing                                  *
=========================================================================
Analyzing Verilog file "/home/ise/Full_CPU_HDL/program_counter.v" into library work
Parsing module <program_counter>.

=========================================================================
*                            HDL Elaboration                            *
=========================================================================

Elaborating module <program_counter>.

=========================================================================
*                           HDL Synthesis                               *
=========================================================================

Synthesizing Unit <program_counter>.
    Related source file is "/home/ise/Full_CPU_HDL/program_counter.v".
    Found 16-bit register for signal <addr>.
    Found 16-bit adder for signal <addr[15]_ext[15]_add_0_OUT> created at line 31.
    Summary:
	inferred   1 Adder/Subtractor(s).
	inferred  16 D-type flip-flop(s).
	inferred   1 Multiplexer(s).
Unit <program_counter> synthesized.

=========================================================================
HDL Synthesis Report

Macro Statistics
# Adders/Subtractors                                   : 1
 16-bit adder                                          : 1
# Registers                                            : 1
 16-bit register                                       : 1
# Multiplexers                                         : 1
 16-bit 2-to-1 multiplexer                             : 1

=========================================================================

=========================================================================
*                       Advanced HDL Synthesis                          *
=========================================================================


Synthesizing (advanced) Unit <program_counter>.
The following registers are absorbed into accumulator <addr>: 1 register on signal <addr>.
Unit <program_counter> synthesized (advanced).

=========================================================================
Advanced HDL Synthesis Report

Macro Statistics
# Accumulators                                         : 1
 16-bit up loadable accumulator                        : 1

=========================================================================

=========================================================================
*                         Low Level Synthesis                           *
=========================================================================

Optimizing unit <program_counter> ...

Mapping all equations...
Building and optimizing final netlist ...
Found area constraint ratio of 100 (+ 5) on block program_counter, actual ratio is 1.

Final Macro Processing ...

=========================================================================
Final Register Report

Macro Statistics
# Registers                                            : 16
 Flip-Flops                                            : 16

=========================================================================

=========================================================================
*                           Partition Report                            *
=========================================================================

Partition Implementation Status
-------------------------------

  No Partitions were found in this design.

-------------------------------

=========================================================================
*                            Design Summary                             *
=========================================================================

Top Level Output File Name         : program_counter.ngc

Primitive and Black Box Usage:
------------------------------
# BELS                             : 49
#      GND                         : 1
#      INV                         : 1
#      LUT3                        : 16
#      MUXCY                       : 15
#      XORCY                       : 16
# FlipFlops/Latches                : 16
#      FDCE                        : 16
# Clock Buffers                    : 1
#      BUFGP                       : 1
# IO Buffers                       : 35
#      IBUF                        : 19
#      OBUF                        : 16

Device utilization summary:
---------------------------

Selected Device : 6slx4tqg144-3 


Slice Logic Utilization: 
 Number of Slice Registers:              16  out of   4800     0%  
 Number of Slice LUTs:                   17  out of   2400     0%  
    Number used as Logic:                17  out of   2400     0%  

Slice Logic Distribution: 
 Number of LUT Flip Flop pairs used:     17
   Number with an unused Flip Flop:       1  out of     17     5%  
   Number with an unused LUT:             0  out of     17     0%  
   Number of fully used LUT-FF pairs:    16  out of     17    94%  
   Number of unique control sets:         1

IO Utilization: 
 Number of IOs:                          36
 Number of bonded IOBs:                  36  out of    102    35%  

Specific Feature Utilization:
 Number of BUFG/BUFGCTRLs:                1  out of     16     6%  

---------------------------
Partition Resource Summary:
---------------------------

  No Partitions were found in this design.

---------------------------


=========================================================================
Timing Report

NOTE: THESE TIMING NUMBERS ARE ONLY A SYNTHESIS ESTIMATE.
      FOR ACCURATE TIMING INFORMATION PLEASE REFER TO THE TRACE REPORT
      GENERATED AFTER PLACE-and-ROUTE.

Clock Information:
------------------
-----------------------------------+------------------------+-------+
Clock Signal                       | Clock buffer(FF name)  | Load  |
-----------------------------------+------------------------+-------+
clk                                | BUFGP                  | 16    |
-----------------------------------+------------------------+-------+

Asynchronous Control Signals Information:
----------------------------------------
No asynchronous control signals found in this design

Timing Summary:
---------------
Speed Grade: -3

   Minimum period: 1.989ns (Maximum Frequency: 502.702MHz)
   Minimum input arrival time before clock: 3.441ns
   Maximum output required time after clock: 3.634ns
   Maximum combinational path delay: No path found

Timing Details:
---------------
All values displayed in nanoseconds (ns)

=========================================================================
Timing constraint: Default period analysis for Clock 'clk'
  Clock period: 1.989ns (frequency: 502.702MHz)
  Total number of paths / destination ports: 136 / 16
-------------------------------------------------------------------------
Delay:               1.989ns (Levels of Logic = 17)
  Source:            addr_0 (FF)
  Destination:       addr_15 (FF)
  Source Clock:      clk rising
  Destination Clock: clk rising

  Data Path: addr_0 to addr_15
                                Gate     Net
    Cell:in->out      fanout   Delay   Delay  Logical Name (Net Name)
    ----------------------------------------  ------------
     FDCE:C->Q             2   0.447   0.617  addr_0 (addr_0)
     LUT3:I2->O            1   0.205   0.000  Maccum_addr_lut<0> (Maccum_addr_lut<0>)
     MUXCY:S->O            1   0.172   0.000  Maccum_addr_cy<0> (Maccum_addr_cy<0>)
     MUXCY:CI->O           1   0.019   0.000  Maccum_addr_cy<1> (Maccum_addr_cy<1>)
     MUXCY:CI->O           1   0.019   0.000  Maccum_addr_cy<2> (Maccum_addr_cy<2>)
     MUXCY:CI->O           1   0.019   0.000  Maccum_addr_cy<3> (Maccum_addr_cy<3>)
     MUXCY:CI->O           1   0.019   0.000  Maccum_addr_cy<4> (Maccum_addr_cy<4>)
     MUXCY:CI->O           1   0.019   0.000  Maccum_addr_cy<5> (Maccum_addr_cy<5>)
     MUXCY:CI->O           1   0.019   0.000  Maccum_addr_cy<6> (Maccum_addr_cy<6>)
     MUXCY:CI->O           1   0.019   0.000  Maccum_addr_cy<7> (Maccum_addr_cy<7>)
     MUXCY:CI->O           1   0.019   0.000  Maccum_addr_cy<8> (Maccum_addr_cy<8>)
     MUXCY:CI->O           1   0.019   0.000  Maccum_addr_cy<9> (Maccum_addr_cy<9>)
     MUXCY:CI->O           1   0.019   0.000  Maccum_addr_cy<10> (Maccum_addr_cy<10>)
     MUXCY:CI->O           1   0.019   0.000  Maccum_addr_cy<11> (Maccum_addr_cy<11>)
     MUXCY:CI->O           1   0.019   0.000  Maccum_addr_cy<12> (Maccum_addr_cy<12>)
     MUXCY:CI->O           1   0.019   0.000  Maccum_addr_cy<13> (Maccum_addr_cy<13>)
     MUXCY:CI->O           0   0.019   0.000  Maccum_addr_cy<14> (Maccum_addr_cy<14>)
     XORCY:CI->O           1   0.180   0.000  Maccum_addr_xor<15> (Result<15>)
     FDCE:D                    0.102          addr_15
    ----------------------------------------
    Total                      1.989ns (1.372ns logic, 0.617ns route)
                                       (69.0% logic, 31.0% route)

=========================================================================
Timing constraint: Default OFFSET IN BEFORE for Clock 'clk'
  Total number of paths / destination ports: 424 / 48
-------------------------------------------------------------------------
Offset:              3.441ns (Levels of Logic = 2)
  Source:            rst_n (PAD)
  Destination:       addr_0 (FF)
  Destination Clock: clk rising

  Data Path: rst_n to addr_0
                                Gate     Net
    Cell:in->out      fanout   Delay   Delay  Logical Name (Net Name)
    ----------------------------------------  ------------
     IBUF:I->O             1   1.222   0.579  rst_n_IBUF (rst_n_IBUF)
     INV:I->O             16   0.206   1.004  rst_n_inv1_INV_0 (rst_n_inv)
     FDCE:CLR                  0.430          addr_0
    ----------------------------------------
    Total                      3.441ns (1.858ns logic, 1.583ns route)
                                       (54.0% logic, 46.0% route)

=========================================================================
Timing constraint: Default OFFSET OUT AFTER for Clock 'clk'
  Total number of paths / destination ports: 16 / 16
-------------------------------------------------------------------------
Offset:              3.634ns (Levels of Logic = 1)
  Source:            addr_15 (FF)
  Destination:       addr<15> (PAD)
  Source Clock:      clk rising

  Data Path: addr_15 to addr<15>
                                Gate     Net
    Cell:in->out      fanout   Delay   Delay  Logical Name (Net Name)
    ----------------------------------------  ------------
     FDCE:C->Q             2   0.447   0.616  addr_15 (addr_15)
     OBUF:I->O                 2.571          addr_15_OBUF (addr<15>)
    ----------------------------------------
    Total                      3.634ns (3.018ns logic, 0.616ns route)
                                       (83.0% logic, 17.0% route)

=========================================================================

Cross Clock Domains Report:
--------------------------

Clock to Setup on destination clock clk
---------------+---------+---------+---------+---------+
               | Src:Rise| Src:Fall| Src:Rise| Src:Fall|
Source Clock   |Dest:Rise|Dest:Rise|Dest:Fall|Dest:Fall|
---------------+---------+---------+---------+---------+
clk            |    1.989|         |         |         |
---------------+---------+---------+---------+---------+

=========================================================================


Total REAL time to Xst completion: 3.00 secs
Total CPU time to Xst completion: 2.79 secs
 
--> 


Total memory usage is 483208 kilobytes

Number of errors   :    0 (   0 filtered)
Number of warnings :    0 (   0 filtered)
Number of infos    :    0 (   0 filtered)

