Release 14.7 - xst P.20131013 (lin64)
Copyright (c) 1995-2013 Xilinx, Inc.  All rights reserved.
--> 
Parameter TMPDIR set to xst/projnav.tmp


Total REAL time to Xst completion: 0.00 secs
Total CPU time to Xst completion: 0.03 secs
 
--> 
Parameter xsthdpdir set to xst


Total REAL time to Xst completion: 0.00 secs
Total CPU time to Xst completion: 0.03 secs
 
--> 
Reading design: register_file.prj

TABLE OF CONTENTS
  1) Synthesis Options Summary
  2) HDL Parsing
  3) HDL Elaboration
  4) HDL Synthesis
       4.1) HDL Synthesis Report
  5) Advanced HDL Synthesis
       5.1) Advanced HDL Synthesis Report
  6) Low Level Synthesis
  7) Partition Report
  8) Design Summary
       8.1) Primitive and Black Box Usage
       8.2) Device utilization summary
       8.3) Partition Resource Summary
       8.4) Timing Report
            8.4.1) Clock Information
            8.4.2) Asynchronous Control Signals Information
            8.4.3) Timing Summary
            8.4.4) Timing Details
            8.4.5) Cross Clock Domains Report


=========================================================================
*                      Synthesis Options Summary                        *
=========================================================================
---- Source Parameters
Input File Name                    : "register_file.prj"
Ignore Synthesis Constraint File   : NO

---- Target Parameters
Output File Name                   : "register_file"
Output Format                      : NGC
Target Device                      : xc6slx25t-3-fgg484

---- Source Options
Top Module Name                    : register_file
Automatic FSM Extraction           : YES
FSM Encoding Algorithm             : Auto
Safe Implementation                : No
FSM Style                          : LUT
RAM Extraction                     : Yes
RAM Style                          : Auto
ROM Extraction                     : Yes
Shift Register Extraction          : YES
ROM Style                          : Auto
Resource Sharing                   : YES
Asynchronous To Synchronous        : NO
Shift Register Minimum Size        : 2
Use DSP Block                      : Auto
Automatic Register Balancing       : No

---- Target Options
LUT Combining                      : Auto
Reduce Control Sets                : Auto
Add IO Buffers                     : YES
Global Maximum Fanout              : 100000
Add Generic Clock Buffer(BUFG)     : 16
Register Duplication               : YES
Optimize Instantiated Primitives   : NO
Use Clock Enable                   : Auto
Use Synchronous Set                : Auto
Use Synchronous Reset              : Auto
Pack IO Registers into IOBs        : Auto
Equivalent register Removal        : YES

---- General Options
Optimization Goal                  : Speed
Optimization Effort                : 1
Power Reduction                    : NO
Keep Hierarchy                     : No
Netlist Hierarchy                  : As_Optimized
RTL Output                         : Yes
Global Optimization                : AllClockNets
Read Cores                         : YES
Write Timing Constraints           : NO
Cross Clock Analysis               : NO
Hierarchy Separator                : /
Bus Delimiter                      : <>
Case Specifier                     : Maintain
Slice Utilization Ratio            : 100
BRAM Utilization Ratio             : 100
DSP48 Utilization Ratio            : 100
Auto BRAM Packing                  : NO
Slice Utilization Ratio Delta      : 5

=========================================================================


=========================================================================
*                          HDL Parsing                                  *
=========================================================================
Analyzing Verilog file "/home/ise/Full_CPU_HDL/Three_to_8_decoder.v" into library work
Parsing module <Three_to_8_decoder>.
Analyzing Verilog file "/home/ise/Full_CPU_HDL/sixteen_bit_dff.v" into library work
Parsing module <sixteen_bit_dff>.
Analyzing Verilog file "/home/ise/Full_CPU_HDL/sixteen_bit_8_to_1_MUX.v" into library work
Parsing module <sixteen_bit_8_to_1_MUX>.
Analyzing Verilog file "/home/ise/Full_CPU_HDL/register_file.v" into library work
Parsing module <register_file>.

=========================================================================
*                            HDL Elaboration                            *
=========================================================================

Elaborating module <register_file>.

Elaborating module <Three_to_8_decoder>.

Elaborating module <sixteen_bit_8_to_1_MUX>.

Elaborating module <sixteen_bit_dff>.

=========================================================================
*                           HDL Synthesis                               *
=========================================================================

Synthesizing Unit <register_file>.
    Related source file is "/home/ise/Full_CPU_HDL/register_file.v".
        N = 16
    Summary:
	no macro.
Unit <register_file> synthesized.

Synthesizing Unit <Three_to_8_decoder>.
    Related source file is "/home/ise/Full_CPU_HDL/Three_to_8_decoder.v".
    Summary:
	inferred   1 Multiplexer(s).
Unit <Three_to_8_decoder> synthesized.

Synthesizing Unit <sixteen_bit_8_to_1_MUX>.
    Related source file is "/home/ise/Full_CPU_HDL/sixteen_bit_8_to_1_MUX.v".
        N = 16
    Found 16-bit 8-to-1 multiplexer for signal <out1> created at line 25.
    Summary:
	inferred   1 Multiplexer(s).
Unit <sixteen_bit_8_to_1_MUX> synthesized.

Synthesizing Unit <sixteen_bit_dff>.
    Related source file is "/home/ise/Full_CPU_HDL/sixteen_bit_dff.v".
        N = 16
    Found 16-bit register for signal <q>.
    Summary:
	inferred  16 D-type flip-flop(s).
Unit <sixteen_bit_dff> synthesized.

=========================================================================
HDL Synthesis Report

Macro Statistics
# Registers                                            : 8
 16-bit register                                       : 8
# Multiplexers                                         : 3
 16-bit 8-to-1 multiplexer                             : 2
 8-bit 2-to-1 multiplexer                              : 1

=========================================================================

=========================================================================
*                       Advanced HDL Synthesis                          *
=========================================================================


=========================================================================
Advanced HDL Synthesis Report

Macro Statistics
# Registers                                            : 128
 Flip-Flops                                            : 128
# Multiplexers                                         : 3
 16-bit 8-to-1 multiplexer                             : 2
 8-bit 2-to-1 multiplexer                              : 1

=========================================================================

=========================================================================
*                         Low Level Synthesis                           *
=========================================================================

Optimizing unit <register_file> ...

Mapping all equations...
Building and optimizing final netlist ...
Found area constraint ratio of 100 (+ 5) on block register_file, actual ratio is 1.

Final Macro Processing ...

=========================================================================
Final Register Report

Macro Statistics
# Registers                                            : 128
 Flip-Flops                                            : 128

=========================================================================

=========================================================================
*                           Partition Report                            *
=========================================================================

Partition Implementation Status
-------------------------------

  No Partitions were found in this design.

-------------------------------

=========================================================================
*                            Design Summary                             *
=========================================================================

Top Level Output File Name         : register_file.ngc

Primitive and Black Box Usage:
------------------------------
# BELS                             : 104
#      LUT4                        : 8
#      LUT6                        : 64
#      MUXF7                       : 32
# FlipFlops/Latches                : 128
#      FDRE                        : 128
# Clock Buffers                    : 1
#      BUFGP                       : 1
# IO Buffers                       : 59
#      IBUF                        : 27
#      OBUF                        : 32

Device utilization summary:
---------------------------

Selected Device : 6slx25tfgg484-3 


Slice Logic Utilization: 
 Number of Slice Registers:             128  out of  30064     0%  
 Number of Slice LUTs:                   72  out of  15032     0%  
    Number used as Logic:                72  out of  15032     0%  

Slice Logic Distribution: 
 Number of LUT Flip Flop pairs used:    164
   Number with an unused Flip Flop:      36  out of    164    21%  
   Number with an unused LUT:            92  out of    164    56%  
   Number of fully used LUT-FF pairs:    36  out of    164    21%  
   Number of unique control sets:         8

IO Utilization: 
 Number of IOs:                          60
 Number of bonded IOBs:                  60  out of    250    24%  

Specific Feature Utilization:
 Number of BUFG/BUFGCTRLs:                1  out of     16     6%  

---------------------------
Partition Resource Summary:
---------------------------

  No Partitions were found in this design.

---------------------------


=========================================================================
Timing Report

NOTE: THESE TIMING NUMBERS ARE ONLY A SYNTHESIS ESTIMATE.
      FOR ACCURATE TIMING INFORMATION PLEASE REFER TO THE TRACE REPORT
      GENERATED AFTER PLACE-and-ROUTE.

Clock Information:
------------------
-----------------------------------+------------------------+-------+
Clock Signal                       | Clock buffer(FF name)  | Load  |
-----------------------------------+------------------------+-------+
clk                                | BUFGP                  | 128   |
-----------------------------------+------------------------+-------+

Asynchronous Control Signals Information:
----------------------------------------
No asynchronous control signals found in this design

Timing Summary:
---------------
Speed Grade: -3

   Minimum period: No path found
   Minimum input arrival time before clock: 3.800ns
   Maximum output required time after clock: 4.804ns
   Maximum combinational path delay: 6.371ns

Timing Details:
---------------
All values displayed in nanoseconds (ns)

=========================================================================
Timing constraint: Default OFFSET IN BEFORE for Clock 'clk'
  Total number of paths / destination ports: 768 / 384
-------------------------------------------------------------------------
Offset:              3.800ns (Levels of Logic = 2)
  Source:            in<0> (PAD)
  Destination:       d8/q_15 (FF)
  Destination Clock: clk rising

  Data Path: in<0> to d8/q_15
                                Gate     Net
    Cell:in->out      fanout   Delay   Delay  Logical Name (Net Name)
    ----------------------------------------  ------------
     IBUF:I->O             8   1.222   1.050  in_0_IBUF (in_0_IBUF)
     LUT4:I0->O           16   0.203   1.004  dec/Mmux_out11 (load<0>)
     FDRE:CE                   0.322          d1/q_0
    ----------------------------------------
    Total                      3.800ns (1.747ns logic, 2.053ns route)
                                       (46.0% logic, 54.0% route)

=========================================================================
Timing constraint: Default OFFSET OUT AFTER for Clock 'clk'
  Total number of paths / destination ports: 256 / 32
-------------------------------------------------------------------------
Offset:              4.804ns (Levels of Logic = 3)
  Source:            d7/q_15 (FF)
  Destination:       out_A<15> (PAD)
  Source Clock:      clk rising

  Data Path: d7/q_15 to out_A<15>
                                Gate     Net
    Cell:in->out      fanout   Delay   Delay  Logical Name (Net Name)
    ----------------------------------------  ------------
     FDRE:C->Q             2   0.447   0.864  d7/q_15 (d7/q_15)
     LUT6:I2->O            1   0.203   0.000  m1/Mmux_out1_36 (m1/Mmux_out1_36)
     MUXF7:I1->O           1   0.140   0.579  m1/Mmux_out1_2_f7_5 (out_A_15_OBUF)
     OBUF:I->O                 2.571          out_A_15_OBUF (out_A<15>)
    ----------------------------------------
    Total                      4.804ns (3.361ns logic, 1.443ns route)
                                       (70.0% logic, 30.0% route)

=========================================================================
Timing constraint: Default path analysis
  Total number of paths / destination ports: 160 / 32
-------------------------------------------------------------------------
Delay:               6.371ns (Levels of Logic = 4)
  Source:            sel_A<1> (PAD)
  Destination:       out_A<15> (PAD)

  Data Path: sel_A<1> to out_A<15>
                                Gate     Net
    Cell:in->out      fanout   Delay   Delay  Logical Name (Net Name)
    ----------------------------------------  ------------
     IBUF:I->O            32   1.222   1.656  sel_A_1_IBUF (sel_A_1_IBUF)
     LUT6:I0->O            1   0.203   0.000  m1/Mmux_out1_3 (m1/Mmux_out1_3)
     MUXF7:I1->O           1   0.140   0.579  m1/Mmux_out1_2_f7 (out_A_0_OBUF)
     OBUF:I->O                 2.571          out_A_0_OBUF (out_A<0>)
    ----------------------------------------
    Total                      6.371ns (4.136ns logic, 2.235ns route)
                                       (64.9% logic, 35.1% route)

=========================================================================

Cross Clock Domains Report:
--------------------------

=========================================================================


Total REAL time to Xst completion: 7.00 secs
Total CPU time to Xst completion: 4.83 secs
 
--> 


Total memory usage is 483636 kilobytes

Number of errors   :    0 (   0 filtered)
Number of warnings :    0 (   0 filtered)
Number of infos    :    0 (   0 filtered)

