Release 14.7 - xst P.20131013 (lin64)
Copyright (c) 1995-2013 Xilinx, Inc.  All rights reserved.
--> 
Parameter TMPDIR set to xst/projnav.tmp


Total REAL time to Xst completion: 0.00 secs
Total CPU time to Xst completion: 0.03 secs
 
--> 
Parameter xsthdpdir set to xst


Total REAL time to Xst completion: 0.00 secs
Total CPU time to Xst completion: 0.03 secs
 
--> 
Reading design: sixteen_bit_ALU.prj

TABLE OF CONTENTS
  1) Synthesis Options Summary
  2) HDL Parsing
  3) HDL Elaboration
  4) HDL Synthesis
       4.1) HDL Synthesis Report
  5) Advanced HDL Synthesis
       5.1) Advanced HDL Synthesis Report
  6) Low Level Synthesis
  7) Partition Report
  8) Design Summary
       8.1) Primitive and Black Box Usage
       8.2) Device utilization summary
       8.3) Partition Resource Summary
       8.4) Timing Report
            8.4.1) Clock Information
            8.4.2) Asynchronous Control Signals Information
            8.4.3) Timing Summary
            8.4.4) Timing Details
            8.4.5) Cross Clock Domains Report


=========================================================================
*                      Synthesis Options Summary                        *
=========================================================================
---- Source Parameters
Input File Name                    : "sixteen_bit_ALU.prj"
Ignore Synthesis Constraint File   : NO

---- Target Parameters
Output File Name                   : "sixteen_bit_ALU"
Output Format                      : NGC
Target Device                      : xc6slx4-3-tqg144

---- Source Options
Top Module Name                    : sixteen_bit_ALU
Automatic FSM Extraction           : YES
FSM Encoding Algorithm             : Auto
Safe Implementation                : No
FSM Style                          : LUT
RAM Extraction                     : Yes
RAM Style                          : Auto
ROM Extraction                     : Yes
Shift Register Extraction          : YES
ROM Style                          : Auto
Resource Sharing                   : YES
Asynchronous To Synchronous        : NO
Shift Register Minimum Size        : 2
Use DSP Block                      : Auto
Automatic Register Balancing       : No

---- Target Options
LUT Combining                      : Auto
Reduce Control Sets                : Auto
Add IO Buffers                     : YES
Global Maximum Fanout              : 100000
Add Generic Clock Buffer(BUFG)     : 16
Register Duplication               : YES
Optimize Instantiated Primitives   : NO
Use Clock Enable                   : Auto
Use Synchronous Set                : Auto
Use Synchronous Reset              : Auto
Pack IO Registers into IOBs        : Auto
Equivalent register Removal        : YES

---- General Options
Optimization Goal                  : Speed
Optimization Effort                : 1
Power Reduction                    : NO
Keep Hierarchy                     : No
Netlist Hierarchy                  : As_Optimized
RTL Output                         : Yes
Global Optimization                : AllClockNets
Read Cores                         : YES
Write Timing Constraints           : NO
Cross Clock Analysis               : NO
Hierarchy Separator                : /
Bus Delimiter                      : <>
Case Specifier                     : Maintain
Slice Utilization Ratio            : 100
BRAM Utilization Ratio             : 100
DSP48 Utilization Ratio            : 100
Auto BRAM Packing                  : NO
Slice Utilization Ratio Delta      : 5

=========================================================================


=========================================================================
*                          HDL Parsing                                  *
=========================================================================
Analyzing Verilog file "/home/ise/Full_CPU_HDL/full_adder.v" into library work
Parsing module <full_adder>.
Analyzing Verilog file "/home/ise/Full_CPU_HDL/sixteen_bit_ALU.v" into library work
Parsing module <sixteen_bit_ALU>.

=========================================================================
*                            HDL Elaboration                            *
=========================================================================

Elaborating module <sixteen_bit_ALU>.

Elaborating module <full_adder>.

=========================================================================
*                           HDL Synthesis                               *
=========================================================================

Synthesizing Unit <sixteen_bit_ALU>.
    Related source file is "/home/ise/Full_CPU_HDL/sixteen_bit_ALU.v".
    Summary:
Unit <sixteen_bit_ALU> synthesized.

Synthesizing Unit <full_adder>.
    Related source file is "/home/ise/Full_CPU_HDL/full_adder.v".
    Found 2-bit adder for signal <n0009> created at line 24.
    Found 2-bit adder for signal <n0003> created at line 24.
    Summary:
	inferred   2 Adder/Subtractor(s).
Unit <full_adder> synthesized.

=========================================================================
HDL Synthesis Report

Macro Statistics
# Adders/Subtractors                                   : 32
 2-bit adder                                           : 32
# Xors                                                 : 4
 1-bit xor2                                            : 3
 16-bit xor2                                           : 1

=========================================================================

=========================================================================
*                       Advanced HDL Synthesis                          *
=========================================================================


=========================================================================
Advanced HDL Synthesis Report

Macro Statistics
# Adders/Subtractors                                   : 16
 2-bit adder carry in                                  : 16
# Xors                                                 : 4
 1-bit xor2                                            : 3
 16-bit xor2                                           : 1

=========================================================================

=========================================================================
*                         Low Level Synthesis                           *
=========================================================================

Optimizing unit <sixteen_bit_ALU> ...

Mapping all equations...
Building and optimizing final netlist ...
Found area constraint ratio of 100 (+ 5) on block sixteen_bit_ALU, actual ratio is 2.

Final Macro Processing ...

=========================================================================
Final Register Report

Found no macro
=========================================================================

=========================================================================
*                           Partition Report                            *
=========================================================================

Partition Implementation Status
-------------------------------

  No Partitions were found in this design.

-------------------------------

=========================================================================
*                            Design Summary                             *
=========================================================================

Top Level Output File Name         : sixteen_bit_ALU.ngc

Primitive and Black Box Usage:
------------------------------
# BELS                             : 41
#      LUT2                        : 1
#      LUT3                        : 11
#      LUT4                        : 7
#      LUT5                        : 2
#      LUT6                        : 20
# IO Buffers                       : 53
#      IBUF                        : 33
#      OBUF                        : 20

Device utilization summary:
---------------------------

Selected Device : 6slx4tqg144-3 


Slice Logic Utilization: 
 Number of Slice LUTs:                   41  out of   2400     1%  
    Number used as Logic:                41  out of   2400     1%  

Slice Logic Distribution: 
 Number of LUT Flip Flop pairs used:     41
   Number with an unused Flip Flop:      41  out of     41   100%  
   Number with an unused LUT:             0  out of     41     0%  
   Number of fully used LUT-FF pairs:     0  out of     41     0%  
   Number of unique control sets:         0

IO Utilization: 
 Number of IOs:                          53
 Number of bonded IOBs:                  53  out of    102    51%  

Specific Feature Utilization:

---------------------------
Partition Resource Summary:
---------------------------

  No Partitions were found in this design.

---------------------------


=========================================================================
Timing Report

NOTE: THESE TIMING NUMBERS ARE ONLY A SYNTHESIS ESTIMATE.
      FOR ACCURATE TIMING INFORMATION PLEASE REFER TO THE TRACE REPORT
      GENERATED AFTER PLACE-and-ROUTE.

Clock Information:
------------------
No clock signals found in this design

Asynchronous Control Signals Information:
----------------------------------------
No asynchronous control signals found in this design

Timing Summary:
---------------
Speed Grade: -3

   Minimum period: No path found
   Minimum input arrival time before clock: No path found
   Maximum output required time after clock: No path found
   Maximum combinational path delay: 15.479ns

Timing Details:
---------------
All values displayed in nanoseconds (ns)

=========================================================================
Timing constraint: Default path analysis
  Total number of paths / destination ports: 856 / 20
-------------------------------------------------------------------------
Delay:               15.479ns (Levels of Logic = 13)
  Source:            cin (PAD)
  Destination:       Z (PAD)

  Data Path: cin to Z
                                Gate     Net
    Cell:in->out      fanout   Delay   Delay  Logical Name (Net Name)
    ----------------------------------------  ------------
     IBUF:I->O            34   1.222   1.568  cin_IBUF (cin_IBUF)
     LUT5:I1->O            2   0.203   0.845  f2/Madd_n0003_Madd_cy<0>11 (f2/Madd_n0003_Madd_cy<0>1)
     LUT4:I1->O            3   0.205   0.651  f2/Madd_n0003_Madd_cy<0>12 (f2/Madd_n0003_Madd_cy<0>)
     LUT6:I5->O            2   0.205   0.845  f5/Madd_n0003_Madd_cy<0>11 (f5/Madd_n0003_Madd_cy<0>1)
     LUT4:I1->O            3   0.205   0.651  f5/Madd_n0003_Madd_cy<0>12 (f5/Madd_n0003_Madd_cy<0>)
     LUT6:I5->O            2   0.205   0.845  f8/Madd_n0003_Madd_cy<0>11 (f8/Madd_n0003_Madd_cy<0>1)
     LUT6:I3->O            4   0.205   0.684  f9/Madd_n0003_Madd_cy<0>11 (f9/Madd_n0003_Madd_cy<0>)
     LUT6:I5->O            2   0.205   0.845  f12/Madd_n0003_Madd_cy<0>11 (f12/Madd_n0003_Madd_cy<0>1)
     LUT4:I1->O            2   0.205   0.617  f12/Madd_n0003_Madd_cy<0>12 (f12/Madd_n0003_Madd_cy<0>)
     LUT6:I5->O            3   0.205   0.651  f14/Madd_n0003_Madd_cy<0>11 (f14/Madd_n0003_Madd_cy<0>)
     LUT4:I3->O            3   0.205   0.651  f15/Madd_n0003_Madd_xor<0>11 (N_OBUF)
     LUT6:I5->O            1   0.205   0.579  Z3 (Z_OBUF)
     OBUF:I->O                 2.571          Z_OBUF (Z)
    ----------------------------------------
    Total                     15.479ns (6.046ns logic, 9.433ns route)
                                       (39.1% logic, 60.9% route)

=========================================================================

Cross Clock Domains Report:
--------------------------

=========================================================================


Total REAL time to Xst completion: 3.00 secs
Total CPU time to Xst completion: 2.70 secs
 
--> 


Total memory usage is 475036 kilobytes

Number of errors   :    0 (   0 filtered)
Number of warnings :    0 (   0 filtered)
Number of infos    :    0 (   0 filtered)

