--------------------------------------------------------------------------------
Release 14.7 Trace  (lin64)
Copyright (c) 1995-2013 Xilinx, Inc.  All rights reserved.

/opt/Xilinx/14.7/ISE_DS/ISE/bin/lin64/unwrapped/trce -intstyle ise -v 3 -s 3 -n
3 -fastpaths -xml Three_to_8_decoder.twx Three_to_8_decoder.ncd -o
Three_to_8_decoder.twr Three_to_8_decoder.pcf

Design file:              Three_to_8_decoder.ncd
Physical constraint file: Three_to_8_decoder.pcf
Device,package,speed:     xc6slx4,tqg144,C,-3 (PRODUCTION 1.23 2013-10-13)
Report level:             verbose report

Environment Variable      Effect 
--------------------      ------ 
NONE                      No environment variables were set
--------------------------------------------------------------------------------

INFO:Timing:2698 - No timing constraints found, doing default enumeration.
INFO:Timing:3412 - To improve timing, see the Timing Closure User Guide (UG612).
INFO:Timing:2752 - To get complete path coverage, use the unconstrained paths 
   option. All paths that are not constrained will be reported in the 
   unconstrained paths section(s) of the report.
INFO:Timing:3339 - The clock-to-out numbers in this timing report are based on 
   a 50 Ohm transmission line loading model.  For the details of this model, 
   and for more information on accounting for different loading conditions, 
   please see the device datasheet.



Data Sheet report:
-----------------
All values displayed in nanoseconds (ns)

Pad to Pad
---------------+---------------+---------+
Source Pad     |Destination Pad|  Delay  |
---------------+---------------+---------+
enable         |out<0>         |    6.302|
enable         |out<1>         |    6.215|
enable         |out<2>         |    6.742|
enable         |out<3>         |    6.876|
enable         |out<4>         |    6.499|
enable         |out<5>         |    6.662|
enable         |out<6>         |    7.032|
enable         |out<7>         |    6.850|
in<0>          |out<0>         |    6.812|
in<0>          |out<1>         |    6.725|
in<0>          |out<2>         |    6.919|
in<0>          |out<3>         |    7.053|
in<0>          |out<4>         |    6.809|
in<0>          |out<5>         |    6.972|
in<0>          |out<6>         |    7.138|
in<0>          |out<7>         |    6.956|
in<1>          |out<0>         |    6.818|
in<1>          |out<1>         |    6.731|
in<1>          |out<2>         |    6.963|
in<1>          |out<3>         |    7.097|
in<1>          |out<4>         |    6.941|
in<1>          |out<5>         |    7.104|
in<1>          |out<6>         |    7.185|
in<1>          |out<7>         |    7.003|
in<2>          |out<0>         |    6.380|
in<2>          |out<1>         |    6.293|
in<2>          |out<2>         |    6.890|
in<2>          |out<3>         |    7.024|
in<2>          |out<4>         |    6.781|
in<2>          |out<5>         |    6.944|
in<2>          |out<6>         |    6.934|
in<2>          |out<7>         |    6.752|
---------------+---------------+---------+


Analysis completed Fri Oct 21 03:15:52 2022 
--------------------------------------------------------------------------------

Trace Settings:
-------------------------
Trace Settings 

Peak Memory Usage: 375 MB



