Release 14.7 - xst P.20131013 (nt)
Copyright (c) 1995-2013 Xilinx, Inc.  All rights reserved.
--> Parameter TMPDIR set to xst/projnav.tmp


Total REAL time to Xst completion: 0.00 secs
Total CPU time to Xst completion: 0.25 secs
 
--> Parameter xsthdpdir set to xst


Total REAL time to Xst completion: 0.00 secs
Total CPU time to Xst completion: 0.25 secs
 
--> Reading design: mux8to1_16bit.prj

TABLE OF CONTENTS
  1) Synthesis Options Summary
  2) HDL Parsing
  3) HDL Elaboration
  4) HDL Synthesis
       4.1) HDL Synthesis Report
  5) Advanced HDL Synthesis
       5.1) Advanced HDL Synthesis Report
  6) Low Level Synthesis
  7) Partition Report
  8) Design Summary
       8.1) Primitive and Black Box Usage
       8.2) Device utilization summary
       8.3) Partition Resource Summary
       8.4) Timing Report
            8.4.1) Clock Information
            8.4.2) Asynchronous Control Signals Information
            8.4.3) Timing Summary
            8.4.4) Timing Details
            8.4.5) Cross Clock Domains Report


=========================================================================
*                      Synthesis Options Summary                        *
=========================================================================
---- Source Parameters
Input File Name                    : "mux8to1_16bit.prj"
Ignore Synthesis Constraint File   : NO

---- Target Parameters
Output File Name                   : "mux8to1_16bit"
Output Format                      : NGC
Target Device                      : xc6slx25t-3-csg324

---- Source Options
Top Module Name                    : mux8to1_16bit
Automatic FSM Extraction           : YES
FSM Encoding Algorithm             : Auto
Safe Implementation                : No
FSM Style                          : LUT
RAM Extraction                     : Yes
RAM Style                          : Auto
ROM Extraction                     : Yes
Shift Register Extraction          : YES
ROM Style                          : Auto
Resource Sharing                   : YES
Asynchronous To Synchronous        : NO
Shift Register Minimum Size        : 2
Use DSP Block                      : Auto
Automatic Register Balancing       : No

---- Target Options
LUT Combining                      : Auto
Reduce Control Sets                : Auto
Add IO Buffers                     : YES
Global Maximum Fanout              : 100000
Add Generic Clock Buffer(BUFG)     : 16
Register Duplication               : YES
Optimize Instantiated Primitives   : NO
Use Clock Enable                   : Auto
Use Synchronous Set                : Auto
Use Synchronous Reset              : Auto
Pack IO Registers into IOBs        : Auto
Equivalent register Removal        : YES

---- General Options
Optimization Goal                  : Speed
Optimization Effort                : 1
Power Reduction                    : NO
Keep Hierarchy                     : No
Netlist Hierarchy                  : As_Optimized
RTL Output                         : Yes
Global Optimization                : AllClockNets
Read Cores                         : YES
Write Timing Constraints           : NO
Cross Clock Analysis               : NO
Hierarchy Separator                : /
Bus Delimiter                      : <>
Case Specifier                     : Maintain
Slice Utilization Ratio            : 100
BRAM Utilization Ratio             : 100
DSP48 Utilization Ratio            : 100
Auto BRAM Packing                  : NO
Slice Utilization Ratio Delta      : 5

=========================================================================


=========================================================================
*                          HDL Parsing                                  *
=========================================================================
Analyzing Verilog file "C:\midHW\16bitRF\mux8to1_16bit\mux8to1_16bit\mux8to1.vf" into library work
Parsing module <XOR8_HXILINX_mux8to1>.
Parsing module <mux8to1>.
Analyzing Verilog file "C:\midHW\16bitRF\mux8to1_16bit\mux8to1_16bit\mux8to1_16bit.vf" into library work
Parsing module <M2_1_HXILINX_mux8to1_16bit>.
Parsing module <mux8to1_16bit>.

=========================================================================
*                            HDL Elaboration                            *
=========================================================================

Elaborating module <mux8to1_16bit>.

Elaborating module <mux8to1>.

Elaborating module <XOR8_HXILINX_mux8to1>.

Elaborating module <AND4>.

Elaborating module <INV>.

Elaborating module <M2_1_HXILINX_mux8to1_16bit>.

=========================================================================
*                           HDL Synthesis                               *
=========================================================================

Synthesizing Unit <mux8to1_16bit>.
    Related source file is "C:\midHW\16bitRF\mux8to1_16bit\mux8to1_16bit\mux8to1_16bit.vf".
    Set property "HU_SET = XLXI_3_0" for instance <XLXI_3>.
    Summary:
	no macro.
Unit <mux8to1_16bit> synthesized.

Synthesizing Unit <mux8to1>.
    Related source file is "C:\midHW\16bitRF\mux8to1_16bit\mux8to1_16bit\mux8to1.vf".
    Set property "HU_SET = XLXI_1_0" for instance <XLXI_1>.
    Summary:
	no macro.
Unit <mux8to1> synthesized.

Synthesizing Unit <XOR8_HXILINX_mux8to1>.
    Related source file is "C:\midHW\16bitRF\mux8to1_16bit\mux8to1_16bit\mux8to1.vf".
    Summary:
Unit <XOR8_HXILINX_mux8to1> synthesized.

Synthesizing Unit <M2_1_HXILINX_mux8to1_16bit>.
    Related source file is "C:\midHW\16bitRF\mux8to1_16bit\mux8to1_16bit\mux8to1_16bit.vf".
    Summary:
	inferred   1 Multiplexer(s).
Unit <M2_1_HXILINX_mux8to1_16bit> synthesized.

=========================================================================
HDL Synthesis Report

Macro Statistics
# Multiplexers                                         : 1
 1-bit 2-to-1 multiplexer                              : 1
# Xors                                                 : 2
 1-bit xor8                                            : 2

=========================================================================

=========================================================================
*                       Advanced HDL Synthesis                          *
=========================================================================


=========================================================================
Advanced HDL Synthesis Report

Macro Statistics
# Xors                                                 : 2
 1-bit xor8                                            : 2

=========================================================================

=========================================================================
*                         Low Level Synthesis                           *
=========================================================================

Optimizing unit <mux8to1> ...

Optimizing unit <XLXI_3> ...

Optimizing unit <mux8to1_16bit> ...

Optimizing unit <XOR8_HXILINX_mux8to1> ...

Mapping all equations...
Building and optimizing final netlist ...
Found area constraint ratio of 100 (+ 5) on block mux8to1_16bit, actual ratio is 0.

Final Macro Processing ...

=========================================================================
Final Register Report

Found no macro
=========================================================================

=========================================================================
*                           Partition Report                            *
=========================================================================

Partition Implementation Status
-------------------------------

  No Partitions were found in this design.

-------------------------------

=========================================================================
*                            Design Summary                             *
=========================================================================

Top Level Output File Name         : mux8to1_16bit.ngc

Primitive and Black Box Usage:
------------------------------
# BELS                             : 27
#      AND4                        : 16
#      INV                         : 6
#      LUT3                        : 3
#      LUT6                        : 2
# IO Buffers                       : 21
#      IBUF                        : 20
#      OBUF                        : 1

Device utilization summary:
---------------------------

Selected Device : 6slx25tcsg324-3 


Slice Logic Utilization: 
 Number of Slice LUTs:                   11  out of  15032     0%  
    Number used as Logic:                11  out of  15032     0%  

Slice Logic Distribution: 
 Number of LUT Flip Flop pairs used:     11
   Number with an unused Flip Flop:      11  out of     11   100%  
   Number with an unused LUT:             0  out of     11     0%  
   Number of fully used LUT-FF pairs:     0  out of     11     0%  
   Number of unique control sets:         0

IO Utilization: 
 Number of IOs:                          21
 Number of bonded IOBs:                  21  out of    190    11%  

Specific Feature Utilization:

---------------------------
Partition Resource Summary:
---------------------------

  No Partitions were found in this design.

---------------------------


=========================================================================
Timing Report

NOTE: THESE TIMING NUMBERS ARE ONLY A SYNTHESIS ESTIMATE.
      FOR ACCURATE TIMING INFORMATION PLEASE REFER TO THE TRACE REPORT
      GENERATED AFTER PLACE-and-ROUTE.

Clock Information:
------------------
No clock signals found in this design

Asynchronous Control Signals Information:
----------------------------------------
No asynchronous control signals found in this design

Timing Summary:
---------------
Speed Grade: -3

   Minimum period: No path found
   Minimum input arrival time before clock: No path found
   Maximum output required time after clock: No path found
   Maximum combinational path delay: 9.731ns

Timing Details:
---------------
All values displayed in nanoseconds (ns)

=========================================================================
Timing constraint: Default path analysis
  Total number of paths / destination ports: 65 / 1
-------------------------------------------------------------------------
Delay:               9.731ns (Levels of Logic = 9)
  Source:            s1 (PAD)
  Destination:       Y (PAD)

  Data Path: s1 to Y
                                Gate     Net
    Cell:in->out      fanout   Delay   Delay  Logical Name (Net Name)
    ----------------------------------------  ------------
     IBUF:I->O            10   1.222   0.856  s1_IBUF (s1_IBUF)
     INV:I->O              4   0.568   1.028  XLXI_1/XLXI_40 (XLXI_1/XLXN_115)
     AND4:I1->O            1   0.223   0.808  XLXI_1/XLXI_25 (XLXI_1/XLXN_347)
     begin scope: 'XLXI_1/XLXI_1:I1'
     LUT3:I0->O            1   0.205   0.580  Mxor_O_xo<0>_SW0 (N01)
     LUT6:I5->O            1   0.205   0.684  Mxor_O_xo<0> (O)
     end scope: 'XLXI_1/XLXI_1:O'
     begin scope: 'XLXI_3:D0'
     LUT3:I1->O            1   0.203   0.579  Mmux_O11 (O)
     end scope: 'XLXI_3:O'
     OBUF:I->O                 2.571          Y_OBUF (Y)
    ----------------------------------------
    Total                      9.731ns (5.197ns logic, 4.534ns route)
                                       (53.4% logic, 46.6% route)

=========================================================================

Cross Clock Domains Report:
--------------------------

=========================================================================


Total REAL time to Xst completion: 7.00 secs
Total CPU time to Xst completion: 7.15 secs
 
--> 

Total memory usage is 225268 kilobytes

Number of errors   :    0 (   0 filtered)
Number of warnings :    0 (   0 filtered)
Number of infos    :    0 (   0 filtered)

