Release 14.7 - xst P.20131013 (lin64)
Copyright (c) 1995-2013 Xilinx, Inc.  All rights reserved.
--> 
Parameter TMPDIR set to xst/projnav.tmp


Total REAL time to Xst completion: 0.00 secs
Total CPU time to Xst completion: 0.01 secs
 
--> 
Parameter xsthdpdir set to xst


Total REAL time to Xst completion: 0.00 secs
Total CPU time to Xst completion: 0.01 secs
 
--> 
Reading design: fa16bit.prj

TABLE OF CONTENTS
  1) Synthesis Options Summary
  2) HDL Parsing
  3) HDL Elaboration
  4) HDL Synthesis
       4.1) HDL Synthesis Report
  5) Advanced HDL Synthesis
       5.1) Advanced HDL Synthesis Report
  6) Low Level Synthesis
  7) Partition Report
  8) Design Summary
       8.1) Primitive and Black Box Usage
       8.2) Device utilization summary
       8.3) Partition Resource Summary
       8.4) Timing Report
            8.4.1) Clock Information
            8.4.2) Asynchronous Control Signals Information
            8.4.3) Timing Summary
            8.4.4) Timing Details
            8.4.5) Cross Clock Domains Report


=========================================================================
*                      Synthesis Options Summary                        *
=========================================================================
---- Source Parameters
Input File Name                    : "fa16bit.prj"
Ignore Synthesis Constraint File   : NO

---- Target Parameters
Output File Name                   : "fa16bit"
Output Format                      : NGC
Target Device                      : xc6vlx75t-2-ff484

---- Source Options
Top Module Name                    : fa16bit
Automatic FSM Extraction           : YES
FSM Encoding Algorithm             : Auto
Safe Implementation                : No
FSM Style                          : LUT
RAM Extraction                     : Yes
RAM Style                          : Auto
ROM Extraction                     : Yes
Shift Register Extraction          : YES
ROM Style                          : Auto
Resource Sharing                   : YES
Asynchronous To Synchronous        : NO
Shift Register Minimum Size        : 2
Use DSP Block                      : Auto
Automatic Register Balancing       : No

---- Target Options
LUT Combining                      : Auto
Reduce Control Sets                : Auto
Add IO Buffers                     : YES
Global Maximum Fanout              : 100000
Add Generic Clock Buffer(BUFG)     : 32
Register Duplication               : YES
Optimize Instantiated Primitives   : NO
Use Clock Enable                   : Auto
Use Synchronous Set                : Auto
Use Synchronous Reset              : Auto
Pack IO Registers into IOBs        : Auto
Equivalent register Removal        : YES

---- General Options
Optimization Goal                  : Speed
Optimization Effort                : 1
Power Reduction                    : NO
Keep Hierarchy                     : No
Netlist Hierarchy                  : As_Optimized
RTL Output                         : Yes
Global Optimization                : AllClockNets
Read Cores                         : YES
Write Timing Constraints           : NO
Cross Clock Analysis               : NO
Hierarchy Separator                : /
Bus Delimiter                      : <>
Case Specifier                     : Maintain
Slice Utilization Ratio            : 100
BRAM Utilization Ratio             : 100
DSP48 Utilization Ratio            : 100
Auto BRAM Packing                  : NO
Slice Utilization Ratio Delta      : 5

=========================================================================


=========================================================================
*                          HDL Parsing                                  *
=========================================================================
Analyzing Verilog file "/home/ise/mid/16bitALU/ALU16bit/fa.vf" into library work
Parsing module <fa>.
Analyzing Verilog file "/home/ise/mid/16bitALU/ALU16bit/fa16bit.vf" into library work
Parsing module <fa_MUSER_fa16bit>.
Parsing module <fa16bit>.

=========================================================================
*                            HDL Elaboration                            *
=========================================================================

Elaborating module <fa16bit>.

Elaborating module <fa_MUSER_fa16bit>.

Elaborating module <AND2>.

Elaborating module <OR2>.

Elaborating module <XOR2>.

=========================================================================
*                           HDL Synthesis                               *
=========================================================================

Synthesizing Unit <fa16bit>.
    Related source file is "/home/ise/mid/16bitALU/ALU16bit/fa16bit.vf".
    Summary:
	no macro.
Unit <fa16bit> synthesized.

Synthesizing Unit <fa_MUSER_fa16bit>.
    Related source file is "/home/ise/mid/16bitALU/ALU16bit/fa16bit.vf".
    Summary:
	no macro.
Unit <fa_MUSER_fa16bit> synthesized.

=========================================================================
HDL Synthesis Report

Found no macro
=========================================================================

=========================================================================
*                       Advanced HDL Synthesis                          *
=========================================================================


=========================================================================
Advanced HDL Synthesis Report

Found no macro
=========================================================================

=========================================================================
*                         Low Level Synthesis                           *
=========================================================================

Optimizing unit <fa16bit> ...

Mapping all equations...
Building and optimizing final netlist ...
Found area constraint ratio of 100 (+ 5) on block fa16bit, actual ratio is 0.

Final Macro Processing ...

=========================================================================
Final Register Report

Found no macro
=========================================================================

=========================================================================
*                           Partition Report                            *
=========================================================================

Partition Implementation Status
-------------------------------

  No Partitions were found in this design.

-------------------------------

=========================================================================
*                            Design Summary                             *
=========================================================================

Top Level Output File Name         : fa16bit.ngc

Primitive and Black Box Usage:
------------------------------
# BELS                             : 80
#      AND2                        : 32
#      OR2                         : 16
#      XOR2                        : 32
# IO Buffers                       : 50
#      IBUF                        : 33
#      OBUF                        : 17

Device utilization summary:
---------------------------

Selected Device : 6vlx75tff484-2 


Slice Logic Utilization: 

Slice Logic Distribution: 
 Number of LUT Flip Flop pairs used:      0
   Number with an unused Flip Flop:       0  out of      0         
   Number with an unused LUT:             0  out of      0         
   Number of fully used LUT-FF pairs:     0  out of      0         
   Number of unique control sets:         0

IO Utilization: 
 Number of IOs:                          50
 Number of bonded IOBs:                  50  out of    240    20%  

Specific Feature Utilization:

---------------------------
Partition Resource Summary:
---------------------------

  No Partitions were found in this design.

---------------------------


=========================================================================
Timing Report

NOTE: THESE TIMING NUMBERS ARE ONLY A SYNTHESIS ESTIMATE.
      FOR ACCURATE TIMING INFORMATION PLEASE REFER TO THE TRACE REPORT
      GENERATED AFTER PLACE-and-ROUTE.

Clock Information:
------------------
No clock signals found in this design

Asynchronous Control Signals Information:
----------------------------------------
No asynchronous control signals found in this design

Timing Summary:
---------------
Speed Grade: -2

   Minimum period: No path found
   Minimum input arrival time before clock: No path found
   Maximum output required time after clock: No path found
   Maximum combinational path delay: 25.418ns

Timing Details:
---------------
All values displayed in nanoseconds (ns)

=========================================================================
Timing constraint: Default path analysis
  Total number of paths / destination ports: 593 / 17
-------------------------------------------------------------------------
Delay:               25.418ns (Levels of Logic = 35)
  Source:            B<0> (PAD)
  Destination:       Co (PAD)

  Data Path: B<0> to Co
                                Gate     Net
    Cell:in->out      fanout   Delay   Delay  Logical Name (Net Name)
    ----------------------------------------  ------------
     IBUF:I->O             2   0.003   0.701  B_0_IBUF (B_0_IBUF)
     XOR2:I0->O            2   0.061   0.701  XLXI_1/XLXI_4 (XLXI_1/XLXN_3)
     AND2:I0->O            1   0.061   0.694  XLXI_1/XLXI_1 (XLXI_1/XLXN_6)
     OR2:I1->O             2   0.063   0.699  XLXI_1/XLXI_3 (XLXN_13)
     AND2:I1->O            1   0.063   0.694  XLXI_2/XLXI_1 (XLXI_2/XLXN_6)
     OR2:I1->O             2   0.063   0.699  XLXI_2/XLXI_3 (XLXN_146)
     AND2:I1->O            1   0.063   0.694  XLXI_4/XLXI_1 (XLXI_4/XLXN_6)
     OR2:I1->O             2   0.063   0.699  XLXI_4/XLXI_3 (XLXN_21)
     AND2:I1->O            1   0.063   0.694  XLXI_5/XLXI_1 (XLXI_5/XLXN_6)
     OR2:I1->O             2   0.063   0.699  XLXI_5/XLXI_3 (XLXN_60)
     AND2:I1->O            1   0.063   0.694  XLXI_15/XLXI_1 (XLXI_15/XLXN_6)
     OR2:I1->O             2   0.063   0.699  XLXI_15/XLXI_3 (XLXN_67)
     AND2:I1->O            1   0.063   0.694  XLXI_16/XLXI_1 (XLXI_16/XLXN_6)
     OR2:I1->O             2   0.063   0.699  XLXI_16/XLXI_3 (XLXN_147)
     AND2:I1->O            1   0.063   0.694  XLXI_17/XLXI_1 (XLXI_17/XLXN_6)
     OR2:I1->O             2   0.063   0.699  XLXI_17/XLXI_3 (XLXN_72)
     AND2:I1->O            1   0.063   0.694  XLXI_18/XLXI_1 (XLXI_18/XLXN_6)
     OR2:I1->O             2   0.063   0.699  XLXI_18/XLXI_3 (XLXN_76)
     AND2:I1->O            1   0.063   0.694  XLXI_19/XLXI_1 (XLXI_19/XLXN_6)
     OR2:I1->O             2   0.063   0.699  XLXI_19/XLXI_3 (XLXN_83)
     AND2:I1->O            1   0.063   0.694  XLXI_20/XLXI_1 (XLXI_20/XLXN_6)
     OR2:I1->O             2   0.063   0.699  XLXI_20/XLXI_3 (XLXN_148)
     AND2:I1->O            1   0.063   0.694  XLXI_21/XLXI_1 (XLXI_21/XLXN_6)
     OR2:I1->O             2   0.063   0.699  XLXI_21/XLXI_3 (XLXN_88)
     AND2:I1->O            1   0.063   0.694  XLXI_22/XLXI_1 (XLXI_22/XLXN_6)
     OR2:I1->O             2   0.063   0.699  XLXI_22/XLXI_3 (XLXN_92)
     AND2:I1->O            1   0.063   0.694  XLXI_23/XLXI_1 (XLXI_23/XLXN_6)
     OR2:I1->O             2   0.063   0.699  XLXI_23/XLXI_3 (XLXN_99)
     AND2:I1->O            1   0.063   0.694  XLXI_24/XLXI_1 (XLXI_24/XLXN_6)
     OR2:I1->O             2   0.063   0.699  XLXI_24/XLXI_3 (XLXN_149)
     AND2:I1->O            1   0.063   0.694  XLXI_25/XLXI_1 (XLXI_25/XLXN_6)
     OR2:I1->O             2   0.063   0.699  XLXI_25/XLXI_3 (XLXN_104)
     AND2:I1->O            1   0.063   0.694  XLXI_26/XLXI_1 (XLXI_26/XLXN_6)
     OR2:I1->O             1   0.063   0.339  XLXI_26/XLXI_3 (Co_OBUF)
     OBUF:I->O                 0.003          Co_OBUF (Co)
    ----------------------------------------
    Total                     25.418ns (2.081ns logic, 23.337ns route)
                                       (8.2% logic, 91.8% route)

=========================================================================

Cross Clock Domains Report:
--------------------------

=========================================================================


Total REAL time to Xst completion: 6.00 secs
Total CPU time to Xst completion: 0.94 secs
 
--> 


Total memory usage is 401616 kilobytes

Number of errors   :    0 (   0 filtered)
Number of warnings :    0 (   0 filtered)
Number of infos    :    0 (   0 filtered)

